<?xml version="1.0" encoding="UTF-8"?>
<testsuite name="io.github.smdawe.kafka.spring.AcceptanceSpec" tests="1" skipped="0" failures="0" errors="0" timestamp="2022-05-10T08:30:14" hostname="Simons-MacBook-Pro.local" time="5.945">
  <properties/>
  <testcase name="post a message" classname="io.github.smdawe.kafka.spring.AcceptanceSpec" time="5.945"/>
  <system-out><![CDATA[{"@timestamp":"2022-05-10T09:29:59.75+01:00","@version":"1","message":"Image name substitution will be performed by: DefaultImageNameSubstitutor (composite of 'ConfigurationFileImageNameSubstitutor' and 'PrefixingImageNameSubstitutor')","logger_name":"org.testcontainers.utility.ImageNameSubstitutor","thread_name":"Test worker","level":"INFO","level_value":20000}
{"@timestamp":"2022-05-10T09:29:59.846+01:00","@version":"1","message":"Loaded org.testcontainers.dockerclient.UnixSocketClientProviderStrategy from ~/.testcontainers.properties, will try it first","logger_name":"org.testcontainers.dockerclient.DockerClientProviderStrategy","thread_name":"Test worker","level":"INFO","level_value":20000}
{"@timestamp":"2022-05-10T09:30:00.337+01:00","@version":"1","message":"Found Docker environment with local Unix socket (unix:///var/run/docker.sock)","logger_name":"org.testcontainers.dockerclient.DockerClientProviderStrategy","thread_name":"Test worker","level":"INFO","level_value":20000}
{"@timestamp":"2022-05-10T09:30:00.338+01:00","@version":"1","message":"Docker host IP address is localhost","logger_name":"org.testcontainers.DockerClientFactory","thread_name":"Test worker","level":"INFO","level_value":20000}
{"@timestamp":"2022-05-10T09:30:00.379+01:00","@version":"1","message":"Connected to docker: \n  Server Version: 20.10.8\n  API Version: 1.41\n  Operating System: Docker Desktop\n  Total Memory: 1985 MB","logger_name":"org.testcontainers.DockerClientFactory","thread_name":"Test worker","level":"INFO","level_value":20000}
{"@timestamp":"2022-05-10T09:30:01.053+01:00","@version":"1","message":"Ryuk started - will monitor and terminate Testcontainers containers on JVM exit","logger_name":"org.testcontainers.utility.RyukResourceReaper","thread_name":"Test worker","level":"INFO","level_value":20000}
{"@timestamp":"2022-05-10T09:30:01.053+01:00","@version":"1","message":"Checking the system...","logger_name":"org.testcontainers.DockerClientFactory","thread_name":"Test worker","level":"INFO","level_value":20000}
{"@timestamp":"2022-05-10T09:30:01.054+01:00","@version":"1","message":"✔︎ Docker server version should be at least 1.6.0","logger_name":"org.testcontainers.DockerClientFactory","thread_name":"Test worker","level":"INFO","level_value":20000}
{"@timestamp":"2022-05-10T09:30:01.197+01:00","@version":"1","message":"✔︎ Docker environment should have more than 2GB free disk space","logger_name":"org.testcontainers.DockerClientFactory","thread_name":"Test worker","level":"INFO","level_value":20000}
{"@timestamp":"2022-05-10T09:30:01.208+01:00","@version":"1","message":"Preemptively checking local images for 'confluentinc/cp-kafka:latest', referenced via a compose file or transitive Dockerfile. If not available, it will be pulled.","logger_name":"org.testcontainers.containers.DockerComposeContainer","thread_name":"Test worker","level":"INFO","level_value":20000}
{"@timestamp":"2022-05-10T09:30:01.209+01:00","@version":"1","message":"Preemptively checking local images for 'confluentinc/cp-zookeeper:latest', referenced via a compose file or transitive Dockerfile. If not available, it will be pulled.","logger_name":"org.testcontainers.containers.DockerComposeContainer","thread_name":"Test worker","level":"INFO","level_value":20000}
{"@timestamp":"2022-05-10T09:30:01.218+01:00","@version":"1","message":"Creating container for image: docker/compose:1.29.2","logger_name":"\uD83D\uDC33 [docker/compose:1.29.2]","thread_name":"Test worker","level":"INFO","level_value":20000}
{"@timestamp":"2022-05-10T09:30:01.792+01:00","@version":"1","message":"Container docker/compose:1.29.2 is starting: 75b059f7258a88d045dce0d44c09b3839753f71be8ad8a27eace431bd629c6f1","logger_name":"\uD83D\uDC33 [docker/compose:1.29.2]","thread_name":"Test worker","level":"INFO","level_value":20000}
{"@timestamp":"2022-05-10T09:30:04.436+01:00","@version":"1","message":"Container docker/compose:1.29.2 started in PT3.21745S","logger_name":"\uD83D\uDC33 [docker/compose:1.29.2]","thread_name":"Test worker","level":"INFO","level_value":20000}
{"@timestamp":"2022-05-10T09:30:04.439+01:00","@version":"1","message":"Docker Compose container is running for command: up -d","logger_name":"\uD83D\uDC33 [docker/compose:1.29.2]","thread_name":"Test worker","level":"INFO","level_value":20000}
{"@timestamp":"2022-05-10T09:30:04.449+01:00","@version":"1","message":"Docker Compose has finished running","logger_name":"\uD83D\uDC33 [docker/compose:1.29.2]","thread_name":"Test worker","level":"INFO","level_value":20000}
{"@timestamp":"2022-05-10T09:30:04.451+01:00","@version":"1","message":"STDERR: Creating network \"tcx66xcee5cd_default\" with the default driver","logger_name":"\uD83D\uDC33 [docker/compose:1.29.2]","thread_name":"docker-java-stream--2079475832","level":"INFO","level_value":20000}
{"@timestamp":"2022-05-10T09:30:04.451+01:00","@version":"1","message":"STDERR: Creating tcx66xcee5cd_zookeeper_1 ... ","logger_name":"\uD83D\uDC33 [docker/compose:1.29.2]","thread_name":"docker-java-stream--2079475832","level":"INFO","level_value":20000}
{"@timestamp":"2022-05-10T09:30:04.451+01:00","@version":"1","message":"STDERR: Creating tcx66xcee5cd_zookeeper_1 ... done","logger_name":"\uD83D\uDC33 [docker/compose:1.29.2]","thread_name":"docker-java-stream--2079475832","level":"INFO","level_value":20000}
{"@timestamp":"2022-05-10T09:30:04.452+01:00","@version":"1","message":"STDERR: Creating tcx66xcee5cd_kafka_1     ... ","logger_name":"\uD83D\uDC33 [docker/compose:1.29.2]","thread_name":"docker-java-stream--2079475832","level":"INFO","level_value":20000}
{"@timestamp":"2022-05-10T09:30:04.452+01:00","@version":"1","message":"STDERR: Creating tcx66xcee5cd_kafka_1     ... done","logger_name":"\uD83D\uDC33 [docker/compose:1.29.2]","thread_name":"docker-java-stream--2079475832","level":"INFO","level_value":20000}
{"@timestamp":"2022-05-10T09:30:04.457+01:00","@version":"1","message":"Creating container for image: alpine/socat:1.7.3.4-r0","logger_name":"\uD83D\uDC33 [alpine/socat:1.7.3.4-r0]","thread_name":"Test worker","level":"INFO","level_value":20000}
{"@timestamp":"2022-05-10T09:30:04.551+01:00","@version":"1","message":"Container alpine/socat:1.7.3.4-r0 is starting: fa5d3f61831901d1a9d958ac9eedec99f55fccb6138fb9ebf6377584981d55ca","logger_name":"\uD83D\uDC33 [alpine/socat:1.7.3.4-r0]","thread_name":"Test worker","level":"INFO","level_value":20000}
{"@timestamp":"2022-05-10T09:30:05.07+01:00","@version":"1","message":"Container alpine/socat:1.7.3.4-r0 started in PT0.613348S","logger_name":"\uD83D\uDC33 [alpine/socat:1.7.3.4-r0]","thread_name":"Test worker","level":"INFO","level_value":20000}

  .   ____          _            __ _ _
 /\\ / ___'_ __ _ _(_)_ __  __ _ \ \ \ \
( ( )\___ | '_ | '_| | '_ \/ _` | \ \ \ \
 \\/  ___)| |_)| | | | | || (_| |  ) ) ) )
  '  |____| .__|_| |_|_| |_\__, | / / / /
 =========|_|==============|___/=/_/_/_/
 :: Spring Boot ::                (v2.6.7)

{"@timestamp":"2022-05-10T09:30:11.617+01:00","@version":"1","message":"Starting AcceptanceSpec using Java 11.0.8 on Simons-MacBook-Pro.local with PID 2728 (started by simon.dawe in /Users/simon.dawe/dev/oodle/kafka-playground/spring-streams)","logger_name":"io.github.smdawe.kafka.spring.AcceptanceSpec","thread_name":"Test worker","level":"INFO","level_value":20000}
{"@timestamp":"2022-05-10T09:30:11.618+01:00","@version":"1","message":"No active profile set, falling back to 1 default profile: \"default\"","logger_name":"io.github.smdawe.kafka.spring.AcceptanceSpec","thread_name":"Test worker","level":"INFO","level_value":20000}
{"@timestamp":"2022-05-10T09:30:13.469+01:00","@version":"1","message":"Initializing Spring TestDispatcherServlet ''","logger_name":"org.springframework.boot.test.mock.web.SpringBootMockServletContext","thread_name":"Test worker","level":"INFO","level_value":20000}
{"@timestamp":"2022-05-10T09:30:13.47+01:00","@version":"1","message":"Initializing Servlet ''","logger_name":"org.springframework.test.web.servlet.TestDispatcherServlet","thread_name":"Test worker","level":"INFO","level_value":20000}
{"@timestamp":"2022-05-10T09:30:13.476+01:00","@version":"1","message":"Exposing 1 endpoint(s) beneath base path '/actuator'","logger_name":"org.springframework.boot.actuate.endpoint.web.EndpointLinksResolver","thread_name":"Test worker","level":"INFO","level_value":20000}
{"@timestamp":"2022-05-10T09:30:13.506+01:00","@version":"1","message":"Completed initialization in 36 ms","logger_name":"org.springframework.test.web.servlet.TestDispatcherServlet","thread_name":"Test worker","level":"INFO","level_value":20000}
{"@timestamp":"2022-05-10T09:30:13.541+01:00","@version":"1","message":"AdminClientConfig values: \n\tbootstrap.servers = [localhost:51802]\n\tclient.dns.lookup = use_all_dns_ips\n\tclient.id = \n\tconnections.max.idle.ms = 300000\n\tdefault.api.timeout.ms = 60000\n\tmetadata.max.age.ms = 300000\n\tmetric.reporters = []\n\tmetrics.num.samples = 2\n\tmetrics.recording.level = INFO\n\tmetrics.sample.window.ms = 30000\n\treceive.buffer.bytes = 65536\n\treconnect.backoff.max.ms = 1000\n\treconnect.backoff.ms = 50\n\trequest.timeout.ms = 30000\n\tretries = 2147483647\n\tretry.backoff.ms = 100\n\tsasl.client.callback.handler.class = null\n\tsasl.jaas.config = null\n\tsasl.kerberos.kinit.cmd = /usr/bin/kinit\n\tsasl.kerberos.min.time.before.relogin = 60000\n\tsasl.kerberos.service.name = null\n\tsasl.kerberos.ticket.renew.jitter = 0.05\n\tsasl.kerberos.ticket.renew.window.factor = 0.8\n\tsasl.login.callback.handler.class = null\n\tsasl.login.class = null\n\tsasl.login.refresh.buffer.seconds = 300\n\tsasl.login.refresh.min.period.seconds = 60\n\tsasl.login.refresh.window.factor = 0.8\n\tsasl.login.refresh.window.jitter = 0.05\n\tsasl.mechanism = GSSAPI\n\tsecurity.protocol = PLAINTEXT\n\tsecurity.providers = null\n\tsend.buffer.bytes = 131072\n\tsocket.connection.setup.timeout.max.ms = 30000\n\tsocket.connection.setup.timeout.ms = 10000\n\tssl.cipher.suites = null\n\tssl.enabled.protocols = [TLSv1.2, TLSv1.3]\n\tssl.endpoint.identification.algorithm = https\n\tssl.engine.factory.class = null\n\tssl.key.password = null\n\tssl.keymanager.algorithm = SunX509\n\tssl.keystore.certificate.chain = null\n\tssl.keystore.key = null\n\tssl.keystore.location = null\n\tssl.keystore.password = null\n\tssl.keystore.type = JKS\n\tssl.protocol = TLSv1.3\n\tssl.provider = null\n\tssl.secure.random.implementation = null\n\tssl.trustmanager.algorithm = PKIX\n\tssl.truststore.certificates = null\n\tssl.truststore.location = null\n\tssl.truststore.password = null\n\tssl.truststore.type = JKS\n","logger_name":"org.apache.kafka.clients.admin.AdminClientConfig","thread_name":"Test worker","level":"INFO","level_value":20000}
{"@timestamp":"2022-05-10T09:30:13.646+01:00","@version":"1","message":"Kafka version: 2.8.0","logger_name":"org.apache.kafka.common.utils.AppInfoParser","thread_name":"Test worker","level":"INFO","level_value":20000}
{"@timestamp":"2022-05-10T09:30:13.646+01:00","@version":"1","message":"Kafka commitId: ebb1d6e21cc92130","logger_name":"org.apache.kafka.common.utils.AppInfoParser","thread_name":"Test worker","level":"INFO","level_value":20000}
{"@timestamp":"2022-05-10T09:30:13.647+01:00","@version":"1","message":"Kafka startTimeMs: 1652171413645","logger_name":"org.apache.kafka.common.utils.AppInfoParser","thread_name":"Test worker","level":"INFO","level_value":20000}
{"@timestamp":"2022-05-10T09:30:14.287+01:00","@version":"1","message":"App info kafka.admin.client for adminclient-1 unregistered","logger_name":"org.apache.kafka.common.utils.AppInfoParser","thread_name":"kafka-admin-client-thread | adminclient-1","level":"INFO","level_value":20000}
{"@timestamp":"2022-05-10T09:30:14.292+01:00","@version":"1","message":"Metrics scheduler closed","logger_name":"org.apache.kafka.common.metrics.Metrics","thread_name":"kafka-admin-client-thread | adminclient-1","level":"INFO","level_value":20000}
{"@timestamp":"2022-05-10T09:30:14.293+01:00","@version":"1","message":"Closing reporter org.apache.kafka.common.metrics.JmxReporter","logger_name":"org.apache.kafka.common.metrics.Metrics","thread_name":"kafka-admin-client-thread | adminclient-1","level":"INFO","level_value":20000}
{"@timestamp":"2022-05-10T09:30:14.293+01:00","@version":"1","message":"Metrics reporters closed","logger_name":"org.apache.kafka.common.metrics.Metrics","thread_name":"kafka-admin-client-thread | adminclient-1","level":"INFO","level_value":20000}
{"@timestamp":"2022-05-10T09:30:14.312+01:00","@version":"1","message":"StreamsConfig values: \n\tacceptable.recovery.lag = 10000\n\tapplication.id = streams-app\n\tapplication.server = \n\tbootstrap.servers = [localhost:51802]\n\tbuffered.records.per.partition = 1000\n\tbuilt.in.metrics.version = latest\n\tcache.max.bytes.buffering = 10485760\n\tclient.id = \n\tcommit.interval.ms = 30000\n\tconnections.max.idle.ms = 540000\n\tdefault.deserialization.exception.handler = class org.apache.kafka.streams.errors.LogAndFailExceptionHandler\n\tdefault.key.serde = class org.apache.kafka.common.serialization.Serdes$StringSerde\n\tdefault.production.exception.handler = class org.apache.kafka.streams.errors.DefaultProductionExceptionHandler\n\tdefault.timestamp.extractor = class org.apache.kafka.streams.processor.FailOnInvalidTimestamp\n\tdefault.value.serde = class org.apache.kafka.common.serialization.Serdes$StringSerde\n\tdefault.windowed.key.serde.inner = null\n\tdefault.windowed.value.serde.inner = null\n\tmax.task.idle.ms = 0\n\tmax.warmup.replicas = 2\n\tmetadata.max.age.ms = 300000\n\tmetric.reporters = []\n\tmetrics.num.samples = 2\n\tmetrics.recording.level = INFO\n\tmetrics.sample.window.ms = 30000\n\tnum.standby.replicas = 0\n\tnum.stream.threads = 1\n\tpartition.grouper = class org.apache.kafka.streams.processor.DefaultPartitionGrouper\n\tpoll.ms = 100\n\tprobing.rebalance.interval.ms = 600000\n\tprocessing.guarantee = at_least_once\n\treceive.buffer.bytes = 32768\n\treconnect.backoff.max.ms = 1000\n\treconnect.backoff.ms = 50\n\treplication.factor = 1\n\trequest.timeout.ms = 40000\n\tretries = 0\n\tretry.backoff.ms = 100\n\trocksdb.config.setter = null\n\tsecurity.protocol = PLAINTEXT\n\tsend.buffer.bytes = 131072\n\tstate.cleanup.delay.ms = 600000\n\tstate.dir = /var/folders/99/326434zx14lfvj3lg8zhxb240000gn/T//kafka-streams\n\ttask.timeout.ms = 300000\n\ttopology.optimization = none\n\tupgrade.from = null\n\twindow.size.ms = null\n\twindowstore.changelog.additional.retention.ms = 86400000\n","logger_name":"org.apache.kafka.streams.StreamsConfig","thread_name":"Test worker","level":"INFO","level_value":20000}
{"@timestamp":"2022-05-10T09:30:14.321+01:00","@version":"1","message":"AdminClientConfig values: \n\tbootstrap.servers = [localhost:51802]\n\tclient.dns.lookup = use_all_dns_ips\n\tclient.id = streams-app-74e24d76-cb7f-433d-a0e2-73d14e3fa88f-admin\n\tconnections.max.idle.ms = 300000\n\tdefault.api.timeout.ms = 60000\n\tmetadata.max.age.ms = 300000\n\tmetric.reporters = []\n\tmetrics.num.samples = 2\n\tmetrics.recording.level = INFO\n\tmetrics.sample.window.ms = 30000\n\treceive.buffer.bytes = 65536\n\treconnect.backoff.max.ms = 1000\n\treconnect.backoff.ms = 50\n\trequest.timeout.ms = 30000\n\tretries = 2147483647\n\tretry.backoff.ms = 100\n\tsasl.client.callback.handler.class = null\n\tsasl.jaas.config = null\n\tsasl.kerberos.kinit.cmd = /usr/bin/kinit\n\tsasl.kerberos.min.time.before.relogin = 60000\n\tsasl.kerberos.service.name = null\n\tsasl.kerberos.ticket.renew.jitter = 0.05\n\tsasl.kerberos.ticket.renew.window.factor = 0.8\n\tsasl.login.callback.handler.class = null\n\tsasl.login.class = null\n\tsasl.login.refresh.buffer.seconds = 300\n\tsasl.login.refresh.min.period.seconds = 60\n\tsasl.login.refresh.window.factor = 0.8\n\tsasl.login.refresh.window.jitter = 0.05\n\tsasl.mechanism = GSSAPI\n\tsecurity.protocol = PLAINTEXT\n\tsecurity.providers = null\n\tsend.buffer.bytes = 131072\n\tsocket.connection.setup.timeout.max.ms = 30000\n\tsocket.connection.setup.timeout.ms = 10000\n\tssl.cipher.suites = null\n\tssl.enabled.protocols = [TLSv1.2, TLSv1.3]\n\tssl.endpoint.identification.algorithm = https\n\tssl.engine.factory.class = null\n\tssl.key.password = null\n\tssl.keymanager.algorithm = SunX509\n\tssl.keystore.certificate.chain = null\n\tssl.keystore.key = null\n\tssl.keystore.location = null\n\tssl.keystore.password = null\n\tssl.keystore.type = JKS\n\tssl.protocol = TLSv1.3\n\tssl.provider = null\n\tssl.secure.random.implementation = null\n\tssl.trustmanager.algorithm = PKIX\n\tssl.truststore.certificates = null\n\tssl.truststore.location = null\n\tssl.truststore.password = null\n\tssl.truststore.type = JKS\n","logger_name":"org.apache.kafka.clients.admin.AdminClientConfig","thread_name":"Test worker","level":"INFO","level_value":20000}
{"@timestamp":"2022-05-10T09:30:14.324+01:00","@version":"1","message":"Kafka version: 2.8.0","logger_name":"org.apache.kafka.common.utils.AppInfoParser","thread_name":"Test worker","level":"INFO","level_value":20000}
{"@timestamp":"2022-05-10T09:30:14.324+01:00","@version":"1","message":"Kafka commitId: ebb1d6e21cc92130","logger_name":"org.apache.kafka.common.utils.AppInfoParser","thread_name":"Test worker","level":"INFO","level_value":20000}
{"@timestamp":"2022-05-10T09:30:14.324+01:00","@version":"1","message":"Kafka startTimeMs: 1652171414324","logger_name":"org.apache.kafka.common.utils.AppInfoParser","thread_name":"Test worker","level":"INFO","level_value":20000}
{"@timestamp":"2022-05-10T09:30:14.326+01:00","@version":"1","message":"stream-client [streams-app-74e24d76-cb7f-433d-a0e2-73d14e3fa88f] Kafka Streams version: 2.8.0","logger_name":"org.apache.kafka.streams.KafkaStreams","thread_name":"Test worker","level":"INFO","level_value":20000}
{"@timestamp":"2022-05-10T09:30:14.326+01:00","@version":"1","message":"stream-client [streams-app-74e24d76-cb7f-433d-a0e2-73d14e3fa88f] Kafka Streams commit ID: ebb1d6e21cc92130","logger_name":"org.apache.kafka.streams.KafkaStreams","thread_name":"Test worker","level":"INFO","level_value":20000}
{"@timestamp":"2022-05-10T09:30:14.338+01:00","@version":"1","message":"stream-thread [streams-app-74e24d76-cb7f-433d-a0e2-73d14e3fa88f-StreamThread-1] Creating restore consumer client","logger_name":"org.apache.kafka.streams.processor.internals.StreamThread","thread_name":"Test worker","level":"INFO","level_value":20000}
{"@timestamp":"2022-05-10T09:30:14.343+01:00","@version":"1","message":"ConsumerConfig values: \n\tallow.auto.create.topics = true\n\tauto.commit.interval.ms = 5000\n\tauto.offset.reset = none\n\tbootstrap.servers = [localhost:51802]\n\tcheck.crcs = true\n\tclient.dns.lookup = use_all_dns_ips\n\tclient.id = streams-app-74e24d76-cb7f-433d-a0e2-73d14e3fa88f-StreamThread-1-restore-consumer\n\tclient.rack = \n\tconnections.max.idle.ms = 540000\n\tdefault.api.timeout.ms = 60000\n\tenable.auto.commit = false\n\texclude.internal.topics = true\n\tfetch.max.bytes = 52428800\n\tfetch.max.wait.ms = 500\n\tfetch.min.bytes = 1\n\tgroup.id = null\n\tgroup.instance.id = null\n\theartbeat.interval.ms = 3000\n\tinterceptor.classes = []\n\tinternal.leave.group.on.close = false\n\tinternal.throw.on.fetch.stable.offset.unsupported = false\n\tisolation.level = read_uncommitted\n\tkey.deserializer = class org.apache.kafka.common.serialization.ByteArrayDeserializer\n\tmax.partition.fetch.bytes = 1048576\n\tmax.poll.interval.ms = 300000\n\tmax.poll.records = 1000\n\tmetadata.max.age.ms = 300000\n\tmetric.reporters = []\n\tmetrics.num.samples = 2\n\tmetrics.recording.level = INFO\n\tmetrics.sample.window.ms = 30000\n\tpartition.assignment.strategy = [class org.apache.kafka.clients.consumer.RangeAssignor]\n\treceive.buffer.bytes = 65536\n\treconnect.backoff.max.ms = 1000\n\treconnect.backoff.ms = 50\n\trequest.timeout.ms = 30000\n\tretry.backoff.ms = 100\n\tsasl.client.callback.handler.class = null\n\tsasl.jaas.config = null\n\tsasl.kerberos.kinit.cmd = /usr/bin/kinit\n\tsasl.kerberos.min.time.before.relogin = 60000\n\tsasl.kerberos.service.name = null\n\tsasl.kerberos.ticket.renew.jitter = 0.05\n\tsasl.kerberos.ticket.renew.window.factor = 0.8\n\tsasl.login.callback.handler.class = null\n\tsasl.login.class = null\n\tsasl.login.refresh.buffer.seconds = 300\n\tsasl.login.refresh.min.period.seconds = 60\n\tsasl.login.refresh.window.factor = 0.8\n\tsasl.login.refresh.window.jitter = 0.05\n\tsasl.mechanism = GSSAPI\n\tsecurity.protocol = PLAINTEXT\n\tsecurity.providers = null\n\tsend.buffer.bytes = 131072\n\tsession.timeout.ms = 10000\n\tsocket.connection.setup.timeout.max.ms = 30000\n\tsocket.connection.setup.timeout.ms = 10000\n\tssl.cipher.suites = null\n\tssl.enabled.protocols = [TLSv1.2, TLSv1.3]\n\tssl.endpoint.identification.algorithm = https\n\tssl.engine.factory.class = null\n\tssl.key.password = null\n\tssl.keymanager.algorithm = SunX509\n\tssl.keystore.certificate.chain = null\n\tssl.keystore.key = null\n\tssl.keystore.location = null\n\tssl.keystore.password = null\n\tssl.keystore.type = JKS\n\tssl.protocol = TLSv1.3\n\tssl.provider = null\n\tssl.secure.random.implementation = null\n\tssl.trustmanager.algorithm = PKIX\n\tssl.truststore.certificates = null\n\tssl.truststore.location = null\n\tssl.truststore.password = null\n\tssl.truststore.type = JKS\n\tvalue.deserializer = class org.apache.kafka.common.serialization.ByteArrayDeserializer\n","logger_name":"org.apache.kafka.clients.consumer.ConsumerConfig","thread_name":"Test worker","level":"INFO","level_value":20000}
{"@timestamp":"2022-05-10T09:30:14.366+01:00","@version":"1","message":"Kafka version: 2.8.0","logger_name":"org.apache.kafka.common.utils.AppInfoParser","thread_name":"Test worker","level":"INFO","level_value":20000}
{"@timestamp":"2022-05-10T09:30:14.366+01:00","@version":"1","message":"Kafka commitId: ebb1d6e21cc92130","logger_name":"org.apache.kafka.common.utils.AppInfoParser","thread_name":"Test worker","level":"INFO","level_value":20000}
{"@timestamp":"2022-05-10T09:30:14.366+01:00","@version":"1","message":"Kafka startTimeMs: 1652171414366","logger_name":"org.apache.kafka.common.utils.AppInfoParser","thread_name":"Test worker","level":"INFO","level_value":20000}
{"@timestamp":"2022-05-10T09:30:14.372+01:00","@version":"1","message":"stream-thread [streams-app-74e24d76-cb7f-433d-a0e2-73d14e3fa88f-StreamThread-1] Creating thread producer client","logger_name":"org.apache.kafka.streams.processor.internals.StreamThread","thread_name":"Test worker","level":"INFO","level_value":20000}
{"@timestamp":"2022-05-10T09:30:14.376+01:00","@version":"1","message":"ProducerConfig values: \n\tacks = 1\n\tbatch.size = 16384\n\tbootstrap.servers = [localhost:51802]\n\tbuffer.memory = 33554432\n\tclient.dns.lookup = use_all_dns_ips\n\tclient.id = streams-app-74e24d76-cb7f-433d-a0e2-73d14e3fa88f-StreamThread-1-producer\n\tcompression.type = none\n\tconnections.max.idle.ms = 540000\n\tdelivery.timeout.ms = 120000\n\tenable.idempotence = false\n\tinterceptor.classes = []\n\tinternal.auto.downgrade.txn.commit = false\n\tkey.serializer = class org.apache.kafka.common.serialization.ByteArraySerializer\n\tlinger.ms = 100\n\tmax.block.ms = 60000\n\tmax.in.flight.requests.per.connection = 5\n\tmax.request.size = 1048576\n\tmetadata.max.age.ms = 300000\n\tmetadata.max.idle.ms = 300000\n\tmetric.reporters = []\n\tmetrics.num.samples = 2\n\tmetrics.recording.level = INFO\n\tmetrics.sample.window.ms = 30000\n\tpartitioner.class = class org.apache.kafka.clients.producer.internals.DefaultPartitioner\n\treceive.buffer.bytes = 32768\n\treconnect.backoff.max.ms = 1000\n\treconnect.backoff.ms = 50\n\trequest.timeout.ms = 30000\n\tretries = 2147483647\n\tretry.backoff.ms = 100\n\tsasl.client.callback.handler.class = null\n\tsasl.jaas.config = null\n\tsasl.kerberos.kinit.cmd = /usr/bin/kinit\n\tsasl.kerberos.min.time.before.relogin = 60000\n\tsasl.kerberos.service.name = null\n\tsasl.kerberos.ticket.renew.jitter = 0.05\n\tsasl.kerberos.ticket.renew.window.factor = 0.8\n\tsasl.login.callback.handler.class = null\n\tsasl.login.class = null\n\tsasl.login.refresh.buffer.seconds = 300\n\tsasl.login.refresh.min.period.seconds = 60\n\tsasl.login.refresh.window.factor = 0.8\n\tsasl.login.refresh.window.jitter = 0.05\n\tsasl.mechanism = GSSAPI\n\tsecurity.protocol = PLAINTEXT\n\tsecurity.providers = null\n\tsend.buffer.bytes = 131072\n\tsocket.connection.setup.timeout.max.ms = 30000\n\tsocket.connection.setup.timeout.ms = 10000\n\tssl.cipher.suites = null\n\tssl.enabled.protocols = [TLSv1.2, TLSv1.3]\n\tssl.endpoint.identification.algorithm = https\n\tssl.engine.factory.class = null\n\tssl.key.password = null\n\tssl.keymanager.algorithm = SunX509\n\tssl.keystore.certificate.chain = null\n\tssl.keystore.key = null\n\tssl.keystore.location = null\n\tssl.keystore.password = null\n\tssl.keystore.type = JKS\n\tssl.protocol = TLSv1.3\n\tssl.provider = null\n\tssl.secure.random.implementation = null\n\tssl.trustmanager.algorithm = PKIX\n\tssl.truststore.certificates = null\n\tssl.truststore.location = null\n\tssl.truststore.password = null\n\tssl.truststore.type = JKS\n\ttransaction.timeout.ms = 60000\n\ttransactional.id = null\n\tvalue.serializer = class org.apache.kafka.common.serialization.ByteArraySerializer\n","logger_name":"org.apache.kafka.clients.producer.ProducerConfig","thread_name":"Test worker","level":"INFO","level_value":20000}
{"@timestamp":"2022-05-10T09:30:14.395+01:00","@version":"1","message":"Kafka version: 2.8.0","logger_name":"org.apache.kafka.common.utils.AppInfoParser","thread_name":"Test worker","level":"INFO","level_value":20000}
{"@timestamp":"2022-05-10T09:30:14.395+01:00","@version":"1","message":"Kafka commitId: ebb1d6e21cc92130","logger_name":"org.apache.kafka.common.utils.AppInfoParser","thread_name":"Test worker","level":"INFO","level_value":20000}
{"@timestamp":"2022-05-10T09:30:14.395+01:00","@version":"1","message":"Kafka startTimeMs: 1652171414395","logger_name":"org.apache.kafka.common.utils.AppInfoParser","thread_name":"Test worker","level":"INFO","level_value":20000}
{"@timestamp":"2022-05-10T09:30:14.402+01:00","@version":"1","message":"stream-thread [streams-app-74e24d76-cb7f-433d-a0e2-73d14e3fa88f-StreamThread-1] Creating consumer client","logger_name":"org.apache.kafka.streams.processor.internals.StreamThread","thread_name":"Test worker","level":"INFO","level_value":20000}
{"@timestamp":"2022-05-10T09:30:14.404+01:00","@version":"1","message":"ConsumerConfig values: \n\tallow.auto.create.topics = false\n\tauto.commit.interval.ms = 5000\n\tauto.offset.reset = earliest\n\tbootstrap.servers = [localhost:51802]\n\tcheck.crcs = true\n\tclient.dns.lookup = use_all_dns_ips\n\tclient.id = streams-app-74e24d76-cb7f-433d-a0e2-73d14e3fa88f-StreamThread-1-consumer\n\tclient.rack = \n\tconnections.max.idle.ms = 540000\n\tdefault.api.timeout.ms = 60000\n\tenable.auto.commit = false\n\texclude.internal.topics = true\n\tfetch.max.bytes = 52428800\n\tfetch.max.wait.ms = 500\n\tfetch.min.bytes = 1\n\tgroup.id = streams-app\n\tgroup.instance.id = null\n\theartbeat.interval.ms = 3000\n\tinterceptor.classes = []\n\tinternal.leave.group.on.close = false\n\tinternal.throw.on.fetch.stable.offset.unsupported = false\n\tisolation.level = read_uncommitted\n\tkey.deserializer = class org.apache.kafka.common.serialization.ByteArrayDeserializer\n\tmax.partition.fetch.bytes = 1048576\n\tmax.poll.interval.ms = 300000\n\tmax.poll.records = 1000\n\tmetadata.max.age.ms = 300000\n\tmetric.reporters = []\n\tmetrics.num.samples = 2\n\tmetrics.recording.level = INFO\n\tmetrics.sample.window.ms = 30000\n\tpartition.assignment.strategy = [org.apache.kafka.streams.processor.internals.StreamsPartitionAssignor]\n\treceive.buffer.bytes = 65536\n\treconnect.backoff.max.ms = 1000\n\treconnect.backoff.ms = 50\n\trequest.timeout.ms = 30000\n\tretry.backoff.ms = 100\n\tsasl.client.callback.handler.class = null\n\tsasl.jaas.config = null\n\tsasl.kerberos.kinit.cmd = /usr/bin/kinit\n\tsasl.kerberos.min.time.before.relogin = 60000\n\tsasl.kerberos.service.name = null\n\tsasl.kerberos.ticket.renew.jitter = 0.05\n\tsasl.kerberos.ticket.renew.window.factor = 0.8\n\tsasl.login.callback.handler.class = null\n\tsasl.login.class = null\n\tsasl.login.refresh.buffer.seconds = 300\n\tsasl.login.refresh.min.period.seconds = 60\n\tsasl.login.refresh.window.factor = 0.8\n\tsasl.login.refresh.window.jitter = 0.05\n\tsasl.mechanism = GSSAPI\n\tsecurity.protocol = PLAINTEXT\n\tsecurity.providers = null\n\tsend.buffer.bytes = 131072\n\tsession.timeout.ms = 10000\n\tsocket.connection.setup.timeout.max.ms = 30000\n\tsocket.connection.setup.timeout.ms = 10000\n\tssl.cipher.suites = null\n\tssl.enabled.protocols = [TLSv1.2, TLSv1.3]\n\tssl.endpoint.identification.algorithm = https\n\tssl.engine.factory.class = null\n\tssl.key.password = null\n\tssl.keymanager.algorithm = SunX509\n\tssl.keystore.certificate.chain = null\n\tssl.keystore.key = null\n\tssl.keystore.location = null\n\tssl.keystore.password = null\n\tssl.keystore.type = JKS\n\tssl.protocol = TLSv1.3\n\tssl.provider = null\n\tssl.secure.random.implementation = null\n\tssl.trustmanager.algorithm = PKIX\n\tssl.truststore.certificates = null\n\tssl.truststore.location = null\n\tssl.truststore.password = null\n\tssl.truststore.type = JKS\n\tvalue.deserializer = class org.apache.kafka.common.serialization.ByteArrayDeserializer\n","logger_name":"org.apache.kafka.clients.consumer.ConsumerConfig","thread_name":"Test worker","level":"INFO","level_value":20000}
{"@timestamp":"2022-05-10T09:30:14.409+01:00","@version":"1","message":"[Producer clientId=streams-app-74e24d76-cb7f-433d-a0e2-73d14e3fa88f-StreamThread-1-producer] Cluster ID: Nkm7iW-wSVKxTDr7yvndcA","logger_name":"org.apache.kafka.clients.Metadata","thread_name":"kafka-producer-network-thread | streams-app-74e24d76-cb7f-433d-a0e2-73d14e3fa88f-StreamThread-1-producer","level":"INFO","level_value":20000}
{"@timestamp":"2022-05-10T09:30:14.414+01:00","@version":"1","message":"stream-thread [streams-app-74e24d76-cb7f-433d-a0e2-73d14e3fa88f-StreamThread-1-consumer] Cooperative rebalancing enabled now","logger_name":"org.apache.kafka.streams.processor.internals.assignment.AssignorConfiguration","thread_name":"Test worker","level":"INFO","level_value":20000}
{"@timestamp":"2022-05-10T09:30:14.428+01:00","@version":"1","message":"Kafka version: 2.8.0","logger_name":"org.apache.kafka.common.utils.AppInfoParser","thread_name":"Test worker","level":"INFO","level_value":20000}
{"@timestamp":"2022-05-10T09:30:14.428+01:00","@version":"1","message":"Kafka commitId: ebb1d6e21cc92130","logger_name":"org.apache.kafka.common.utils.AppInfoParser","thread_name":"Test worker","level":"INFO","level_value":20000}
{"@timestamp":"2022-05-10T09:30:14.429+01:00","@version":"1","message":"Kafka startTimeMs: 1652171414428","logger_name":"org.apache.kafka.common.utils.AppInfoParser","thread_name":"Test worker","level":"INFO","level_value":20000}
{"@timestamp":"2022-05-10T09:30:14.434+01:00","@version":"1","message":"stream-client [streams-app-74e24d76-cb7f-433d-a0e2-73d14e3fa88f] State transition from CREATED to REBALANCING","logger_name":"org.apache.kafka.streams.KafkaStreams","thread_name":"Test worker","level":"INFO","level_value":20000}
{"@timestamp":"2022-05-10T09:30:14.434+01:00","@version":"1","message":"stream-thread [streams-app-74e24d76-cb7f-433d-a0e2-73d14e3fa88f-StreamThread-1] Starting","logger_name":"org.apache.kafka.streams.processor.internals.StreamThread","thread_name":"streams-app-74e24d76-cb7f-433d-a0e2-73d14e3fa88f-StreamThread-1","level":"INFO","level_value":20000}
{"@timestamp":"2022-05-10T09:30:14.435+01:00","@version":"1","message":"stream-thread [streams-app-74e24d76-cb7f-433d-a0e2-73d14e3fa88f-StreamThread-1] State transition from CREATED to STARTING","logger_name":"org.apache.kafka.streams.processor.internals.StreamThread","thread_name":"streams-app-74e24d76-cb7f-433d-a0e2-73d14e3fa88f-StreamThread-1","level":"INFO","level_value":20000}
{"@timestamp":"2022-05-10T09:30:14.435+01:00","@version":"1","message":"[Consumer clientId=streams-app-74e24d76-cb7f-433d-a0e2-73d14e3fa88f-StreamThread-1-consumer, groupId=streams-app] Subscribed to topic(s): test-topic","logger_name":"org.apache.kafka.clients.consumer.KafkaConsumer","thread_name":"streams-app-74e24d76-cb7f-433d-a0e2-73d14e3fa88f-StreamThread-1","level":"INFO","level_value":20000}
{"@timestamp":"2022-05-10T09:30:14.453+01:00","@version":"1","message":"[Consumer clientId=streams-app-74e24d76-cb7f-433d-a0e2-73d14e3fa88f-StreamThread-1-consumer, groupId=streams-app] Cluster ID: Nkm7iW-wSVKxTDr7yvndcA","logger_name":"org.apache.kafka.clients.Metadata","thread_name":"streams-app-74e24d76-cb7f-433d-a0e2-73d14e3fa88f-StreamThread-1","level":"INFO","level_value":20000}
{"@timestamp":"2022-05-10T09:30:14.467+01:00","@version":"1","message":"Started AcceptanceSpec in 3.096 seconds (JVM running for 16.442)","logger_name":"io.github.smdawe.kafka.spring.AcceptanceSpec","thread_name":"Test worker","level":"INFO","level_value":20000}
{"@timestamp":"2022-05-10T09:30:14.543+01:00","@version":"1","message":"stream-thread [streams-app-74e24d76-cb7f-433d-a0e2-73d14e3fa88f-StreamThread-1] Processed 0 total records, ran 0 punctuators, and committed 0 total tasks since the last update","logger_name":"org.apache.kafka.streams.processor.internals.StreamThread","thread_name":"streams-app-74e24d76-cb7f-433d-a0e2-73d14e3fa88f-StreamThread-1","level":"INFO","level_value":20000}
{"@timestamp":"2022-05-10T09:30:15.073+01:00","@version":"1","message":"ProducerConfig values: \n\tacks = 1\n\tbatch.size = 16384\n\tbootstrap.servers = [localhost:51802]\n\tbuffer.memory = 33554432\n\tclient.dns.lookup = use_all_dns_ips\n\tclient.id = producer-1\n\tcompression.type = none\n\tconnections.max.idle.ms = 540000\n\tdelivery.timeout.ms = 120000\n\tenable.idempotence = false\n\tinterceptor.classes = []\n\tinternal.auto.downgrade.txn.commit = false\n\tkey.serializer = class org.apache.kafka.common.serialization.StringSerializer\n\tlinger.ms = 0\n\tmax.block.ms = 60000\n\tmax.in.flight.requests.per.connection = 5\n\tmax.request.size = 1048576\n\tmetadata.max.age.ms = 300000\n\tmetadata.max.idle.ms = 300000\n\tmetric.reporters = []\n\tmetrics.num.samples = 2\n\tmetrics.recording.level = INFO\n\tmetrics.sample.window.ms = 30000\n\tpartitioner.class = class org.apache.kafka.clients.producer.internals.DefaultPartitioner\n\treceive.buffer.bytes = 32768\n\treconnect.backoff.max.ms = 1000\n\treconnect.backoff.ms = 50\n\trequest.timeout.ms = 30000\n\tretries = 2147483647\n\tretry.backoff.ms = 100\n\tsasl.client.callback.handler.class = null\n\tsasl.jaas.config = null\n\tsasl.kerberos.kinit.cmd = /usr/bin/kinit\n\tsasl.kerberos.min.time.before.relogin = 60000\n\tsasl.kerberos.service.name = null\n\tsasl.kerberos.ticket.renew.jitter = 0.05\n\tsasl.kerberos.ticket.renew.window.factor = 0.8\n\tsasl.login.callback.handler.class = null\n\tsasl.login.class = null\n\tsasl.login.refresh.buffer.seconds = 300\n\tsasl.login.refresh.min.period.seconds = 60\n\tsasl.login.refresh.window.factor = 0.8\n\tsasl.login.refresh.window.jitter = 0.05\n\tsasl.mechanism = GSSAPI\n\tsecurity.protocol = PLAINTEXT\n\tsecurity.providers = null\n\tsend.buffer.bytes = 131072\n\tsocket.connection.setup.timeout.max.ms = 30000\n\tsocket.connection.setup.timeout.ms = 10000\n\tssl.cipher.suites = null\n\tssl.enabled.protocols = [TLSv1.2, TLSv1.3]\n\tssl.endpoint.identification.algorithm = https\n\tssl.engine.factory.class = null\n\tssl.key.password = null\n\tssl.keymanager.algorithm = SunX509\n\tssl.keystore.certificate.chain = null\n\tssl.keystore.key = null\n\tssl.keystore.location = null\n\tssl.keystore.password = null\n\tssl.keystore.type = JKS\n\tssl.protocol = TLSv1.3\n\tssl.provider = null\n\tssl.secure.random.implementation = null\n\tssl.trustmanager.algorithm = PKIX\n\tssl.truststore.certificates = null\n\tssl.truststore.location = null\n\tssl.truststore.password = null\n\tssl.truststore.type = JKS\n\ttransaction.timeout.ms = 60000\n\ttransactional.id = null\n\tvalue.serializer = class org.apache.kafka.common.serialization.StringSerializer\n","logger_name":"org.apache.kafka.clients.producer.ProducerConfig","thread_name":"Test worker","level":"INFO","level_value":20000}
{"@timestamp":"2022-05-10T09:30:15.081+01:00","@version":"1","message":"Kafka version: 2.8.0","logger_name":"org.apache.kafka.common.utils.AppInfoParser","thread_name":"Test worker","level":"INFO","level_value":20000}
{"@timestamp":"2022-05-10T09:30:15.081+01:00","@version":"1","message":"Kafka commitId: ebb1d6e21cc92130","logger_name":"org.apache.kafka.common.utils.AppInfoParser","thread_name":"Test worker","level":"INFO","level_value":20000}
{"@timestamp":"2022-05-10T09:30:15.082+01:00","@version":"1","message":"Kafka startTimeMs: 1652171415081","logger_name":"org.apache.kafka.common.utils.AppInfoParser","thread_name":"Test worker","level":"INFO","level_value":20000}
{"@timestamp":"2022-05-10T09:30:15.096+01:00","@version":"1","message":"[Producer clientId=producer-1] Cluster ID: Nkm7iW-wSVKxTDr7yvndcA","logger_name":"org.apache.kafka.clients.Metadata","thread_name":"kafka-producer-network-thread | producer-1","level":"INFO","level_value":20000}
{"@timestamp":"2022-05-10T09:30:15.187+01:00","@version":"1","message":"[Consumer clientId=streams-app-74e24d76-cb7f-433d-a0e2-73d14e3fa88f-StreamThread-1-consumer, groupId=streams-app] Discovered group coordinator localhost:29092 (id: 2147483646 rack: null)","logger_name":"org.apache.kafka.clients.consumer.internals.AbstractCoordinator","thread_name":"streams-app-74e24d76-cb7f-433d-a0e2-73d14e3fa88f-StreamThread-1","level":"INFO","level_value":20000}
{"@timestamp":"2022-05-10T09:30:15.189+01:00","@version":"1","message":"[Consumer clientId=streams-app-74e24d76-cb7f-433d-a0e2-73d14e3fa88f-StreamThread-1-consumer, groupId=streams-app] (Re-)joining group","logger_name":"org.apache.kafka.clients.consumer.internals.AbstractCoordinator","thread_name":"streams-app-74e24d76-cb7f-433d-a0e2-73d14e3fa88f-StreamThread-1","level":"INFO","level_value":20000}
{"@timestamp":"2022-05-10T09:30:15.222+01:00","@version":"1","message":"[Consumer clientId=streams-app-74e24d76-cb7f-433d-a0e2-73d14e3fa88f-StreamThread-1-consumer, groupId=streams-app] (Re-)joining group","logger_name":"org.apache.kafka.clients.consumer.internals.AbstractCoordinator","thread_name":"streams-app-74e24d76-cb7f-433d-a0e2-73d14e3fa88f-StreamThread-1","level":"INFO","level_value":20000}
{"@timestamp":"2022-05-10T09:30:18.243+01:00","@version":"1","message":"[Consumer clientId=streams-app-74e24d76-cb7f-433d-a0e2-73d14e3fa88f-StreamThread-1-consumer, groupId=streams-app] Successfully joined group with generation Generation{generationId=1, memberId='streams-app-74e24d76-cb7f-433d-a0e2-73d14e3fa88f-StreamThread-1-consumer-43cc75d1-35ac-42c8-ba3a-5bc65c17c901', protocol='stream'}","logger_name":"org.apache.kafka.clients.consumer.internals.AbstractCoordinator","thread_name":"streams-app-74e24d76-cb7f-433d-a0e2-73d14e3fa88f-StreamThread-1","level":"INFO","level_value":20000}
{"@timestamp":"2022-05-10T09:30:18.258+01:00","@version":"1","message":"Decided on assignment: {74e24d76-cb7f-433d-a0e2-73d14e3fa88f=[activeTasks: ([0_0]) standbyTasks: ([]) prevActiveTasks: ([]) prevStandbyTasks: ([]) changelogOffsetTotalsByTask: ([]) taskLagTotals: ([]) capacity: 1 assigned: 1]} with no followup probing rebalance.","logger_name":"org.apache.kafka.streams.processor.internals.assignment.HighAvailabilityTaskAssignor","thread_name":"streams-app-74e24d76-cb7f-433d-a0e2-73d14e3fa88f-StreamThread-1","level":"INFO","level_value":20000}
{"@timestamp":"2022-05-10T09:30:18.259+01:00","@version":"1","message":"stream-thread [streams-app-74e24d76-cb7f-433d-a0e2-73d14e3fa88f-StreamThread-1-consumer] Assigned tasks [0_0] including stateful [] to clients as: \n74e24d76-cb7f-433d-a0e2-73d14e3fa88f=[activeTasks: ([0_0]) standbyTasks: ([])].","logger_name":"org.apache.kafka.streams.processor.internals.StreamsPartitionAssignor","thread_name":"streams-app-74e24d76-cb7f-433d-a0e2-73d14e3fa88f-StreamThread-1","level":"INFO","level_value":20000}
{"@timestamp":"2022-05-10T09:30:18.263+01:00","@version":"1","message":"stream-thread [streams-app-74e24d76-cb7f-433d-a0e2-73d14e3fa88f-StreamThread-1-consumer] Client 74e24d76-cb7f-433d-a0e2-73d14e3fa88f per-consumer assignment:\n\tprev owned active {}\n\tprev owned standby {streams-app-74e24d76-cb7f-433d-a0e2-73d14e3fa88f-StreamThread-1-consumer-43cc75d1-35ac-42c8-ba3a-5bc65c17c901=[]}\n\tassigned active {streams-app-74e24d76-cb7f-433d-a0e2-73d14e3fa88f-StreamThread-1-consumer-43cc75d1-35ac-42c8-ba3a-5bc65c17c901=[0_0]}\n\trevoking active {}\tassigned standby {}\n","logger_name":"org.apache.kafka.streams.processor.internals.StreamsPartitionAssignor","thread_name":"streams-app-74e24d76-cb7f-433d-a0e2-73d14e3fa88f-StreamThread-1","level":"INFO","level_value":20000}
{"@timestamp":"2022-05-10T09:30:18.263+01:00","@version":"1","message":"stream-thread [streams-app-74e24d76-cb7f-433d-a0e2-73d14e3fa88f-StreamThread-1-consumer] Finished stable assignment of tasks, no followup rebalances required.","logger_name":"org.apache.kafka.streams.processor.internals.StreamsPartitionAssignor","thread_name":"streams-app-74e24d76-cb7f-433d-a0e2-73d14e3fa88f-StreamThread-1","level":"INFO","level_value":20000}
{"@timestamp":"2022-05-10T09:30:18.263+01:00","@version":"1","message":"[Consumer clientId=streams-app-74e24d76-cb7f-433d-a0e2-73d14e3fa88f-StreamThread-1-consumer, groupId=streams-app] Finished assignment for group at generation 1: {streams-app-74e24d76-cb7f-433d-a0e2-73d14e3fa88f-StreamThread-1-consumer-43cc75d1-35ac-42c8-ba3a-5bc65c17c901=Assignment(partitions=[test-topic-0], userDataSize=48)}","logger_name":"org.apache.kafka.clients.consumer.internals.ConsumerCoordinator","thread_name":"streams-app-74e24d76-cb7f-433d-a0e2-73d14e3fa88f-StreamThread-1","level":"INFO","level_value":20000}
{"@timestamp":"2022-05-10T09:30:18.294+01:00","@version":"1","message":"[Consumer clientId=streams-app-74e24d76-cb7f-433d-a0e2-73d14e3fa88f-StreamThread-1-consumer, groupId=streams-app] Successfully synced group in generation Generation{generationId=1, memberId='streams-app-74e24d76-cb7f-433d-a0e2-73d14e3fa88f-StreamThread-1-consumer-43cc75d1-35ac-42c8-ba3a-5bc65c17c901', protocol='stream'}","logger_name":"org.apache.kafka.clients.consumer.internals.AbstractCoordinator","thread_name":"streams-app-74e24d76-cb7f-433d-a0e2-73d14e3fa88f-StreamThread-1","level":"INFO","level_value":20000}
{"@timestamp":"2022-05-10T09:30:18.294+01:00","@version":"1","message":"[Consumer clientId=streams-app-74e24d76-cb7f-433d-a0e2-73d14e3fa88f-StreamThread-1-consumer, groupId=streams-app] Updating assignment with\n\tAssigned partitions:                       [test-topic-0]\n\tCurrent owned partitions:                  []\n\tAdded partitions (assigned - owned):       [test-topic-0]\n\tRevoked partitions (owned - assigned):     []\n","logger_name":"org.apache.kafka.clients.consumer.internals.ConsumerCoordinator","thread_name":"streams-app-74e24d76-cb7f-433d-a0e2-73d14e3fa88f-StreamThread-1","level":"INFO","level_value":20000}
{"@timestamp":"2022-05-10T09:30:18.294+01:00","@version":"1","message":"[Consumer clientId=streams-app-74e24d76-cb7f-433d-a0e2-73d14e3fa88f-StreamThread-1-consumer, groupId=streams-app] Notifying assignor about the new Assignment(partitions=[test-topic-0], userDataSize=48)","logger_name":"org.apache.kafka.clients.consumer.internals.ConsumerCoordinator","thread_name":"streams-app-74e24d76-cb7f-433d-a0e2-73d14e3fa88f-StreamThread-1","level":"INFO","level_value":20000}
{"@timestamp":"2022-05-10T09:30:18.295+01:00","@version":"1","message":"stream-thread [streams-app-74e24d76-cb7f-433d-a0e2-73d14e3fa88f-StreamThread-1-consumer] No followup rebalance was requested, resetting the rebalance schedule.","logger_name":"org.apache.kafka.streams.processor.internals.StreamsPartitionAssignor","thread_name":"streams-app-74e24d76-cb7f-433d-a0e2-73d14e3fa88f-StreamThread-1","level":"INFO","level_value":20000}
{"@timestamp":"2022-05-10T09:30:18.296+01:00","@version":"1","message":"stream-thread [streams-app-74e24d76-cb7f-433d-a0e2-73d14e3fa88f-StreamThread-1] Handle new assignment with:\n\tNew active tasks: [0_0]\n\tNew standby tasks: []\n\tExisting active tasks: []\n\tExisting standby tasks: []","logger_name":"org.apache.kafka.streams.processor.internals.TaskManager","thread_name":"streams-app-74e24d76-cb7f-433d-a0e2-73d14e3fa88f-StreamThread-1","level":"INFO","level_value":20000}
{"@timestamp":"2022-05-10T09:30:18.313+01:00","@version":"1","message":"[Consumer clientId=streams-app-74e24d76-cb7f-433d-a0e2-73d14e3fa88f-StreamThread-1-consumer, groupId=streams-app] Adding newly assigned partitions: test-topic-0","logger_name":"org.apache.kafka.clients.consumer.internals.ConsumerCoordinator","thread_name":"streams-app-74e24d76-cb7f-433d-a0e2-73d14e3fa88f-StreamThread-1","level":"INFO","level_value":20000}
{"@timestamp":"2022-05-10T09:30:18.313+01:00","@version":"1","message":"stream-thread [streams-app-74e24d76-cb7f-433d-a0e2-73d14e3fa88f-StreamThread-1] State transition from STARTING to PARTITIONS_ASSIGNED","logger_name":"org.apache.kafka.streams.processor.internals.StreamThread","thread_name":"streams-app-74e24d76-cb7f-433d-a0e2-73d14e3fa88f-StreamThread-1","level":"INFO","level_value":20000}
{"@timestamp":"2022-05-10T09:30:18.325+01:00","@version":"1","message":"[Consumer clientId=streams-app-74e24d76-cb7f-433d-a0e2-73d14e3fa88f-StreamThread-1-consumer, groupId=streams-app] Found no committed offset for partition test-topic-0","logger_name":"org.apache.kafka.clients.consumer.internals.ConsumerCoordinator","thread_name":"streams-app-74e24d76-cb7f-433d-a0e2-73d14e3fa88f-StreamThread-1","level":"INFO","level_value":20000}
{"@timestamp":"2022-05-10T09:30:18.338+01:00","@version":"1","message":"[Consumer clientId=streams-app-74e24d76-cb7f-433d-a0e2-73d14e3fa88f-StreamThread-1-consumer, groupId=streams-app] Resetting offset for partition test-topic-0 to position FetchPosition{offset=0, offsetEpoch=Optional.empty, currentLeader=LeaderAndEpoch{leader=Optional[localhost:29092 (id: 1 rack: null)], epoch=0}}.","logger_name":"org.apache.kafka.clients.consumer.internals.SubscriptionState","thread_name":"streams-app-74e24d76-cb7f-433d-a0e2-73d14e3fa88f-StreamThread-1","level":"INFO","level_value":20000}
{"@timestamp":"2022-05-10T09:30:18.38+01:00","@version":"1","message":"stream-thread [streams-app-74e24d76-cb7f-433d-a0e2-73d14e3fa88f-StreamThread-1] task [0_0] Initialized","logger_name":"org.apache.kafka.streams.processor.internals.StreamTask","thread_name":"streams-app-74e24d76-cb7f-433d-a0e2-73d14e3fa88f-StreamThread-1","level":"INFO","level_value":20000}
{"@timestamp":"2022-05-10T09:30:18.383+01:00","@version":"1","message":"[Consumer clientId=streams-app-74e24d76-cb7f-433d-a0e2-73d14e3fa88f-StreamThread-1-consumer, groupId=streams-app] Found no committed offset for partition test-topic-0","logger_name":"org.apache.kafka.clients.consumer.internals.ConsumerCoordinator","thread_name":"streams-app-74e24d76-cb7f-433d-a0e2-73d14e3fa88f-StreamThread-1","level":"INFO","level_value":20000}
{"@timestamp":"2022-05-10T09:30:18.386+01:00","@version":"1","message":"stream-thread [streams-app-74e24d76-cb7f-433d-a0e2-73d14e3fa88f-StreamThread-1] task [0_0] Restored and ready to run","logger_name":"org.apache.kafka.streams.processor.internals.StreamTask","thread_name":"streams-app-74e24d76-cb7f-433d-a0e2-73d14e3fa88f-StreamThread-1","level":"INFO","level_value":20000}
{"@timestamp":"2022-05-10T09:30:18.386+01:00","@version":"1","message":"stream-thread [streams-app-74e24d76-cb7f-433d-a0e2-73d14e3fa88f-StreamThread-1] Restoration took 72 ms for all tasks [0_0]","logger_name":"org.apache.kafka.streams.processor.internals.StreamThread","thread_name":"streams-app-74e24d76-cb7f-433d-a0e2-73d14e3fa88f-StreamThread-1","level":"INFO","level_value":20000}
{"@timestamp":"2022-05-10T09:30:18.386+01:00","@version":"1","message":"stream-thread [streams-app-74e24d76-cb7f-433d-a0e2-73d14e3fa88f-StreamThread-1] State transition from PARTITIONS_ASSIGNED to RUNNING","logger_name":"org.apache.kafka.streams.processor.internals.StreamThread","thread_name":"streams-app-74e24d76-cb7f-433d-a0e2-73d14e3fa88f-StreamThread-1","level":"INFO","level_value":20000}
{"@timestamp":"2022-05-10T09:30:18.387+01:00","@version":"1","message":"stream-client [streams-app-74e24d76-cb7f-433d-a0e2-73d14e3fa88f] State transition from REBALANCING to RUNNING","logger_name":"org.apache.kafka.streams.KafkaStreams","thread_name":"streams-app-74e24d76-cb7f-433d-a0e2-73d14e3fa88f-StreamThread-1","level":"INFO","level_value":20000}
{"@timestamp":"2022-05-10T09:30:20.638+01:00","@version":"1","message":"Creating container for image: docker/compose:1.29.2","logger_name":"\uD83D\uDC33 [docker/compose:1.29.2]","thread_name":"Test worker","level":"INFO","level_value":20000}
{"@timestamp":"2022-05-10T09:30:20.671+01:00","@version":"1","message":"Container docker/compose:1.29.2 is starting: f6ee4c8392a6ed424f497627df75d1f058d235088f0f052e8315965788600b1f","logger_name":"\uD83D\uDC33 [docker/compose:1.29.2]","thread_name":"Test worker","level":"INFO","level_value":20000}
{"@timestamp":"2022-05-10T09:30:22.006+01:00","@version":"1","message":"[Consumer clientId=streams-app-74e24d76-cb7f-433d-a0e2-73d14e3fa88f-StreamThread-1-consumer, groupId=streams-app] Group coordinator localhost:29092 (id: 2147483646 rack: null) is unavailable or invalid due to cause: coordinator unavailable.isDisconnected: true. Rediscovery will be attempted.","logger_name":"org.apache.kafka.clients.consumer.internals.AbstractCoordinator","thread_name":"streams-app-74e24d76-cb7f-433d-a0e2-73d14e3fa88f-StreamThread-1","level":"INFO","level_value":20000}
{"@timestamp":"2022-05-10T09:30:22.01+01:00","@version":"1","message":"[Consumer clientId=streams-app-74e24d76-cb7f-433d-a0e2-73d14e3fa88f-StreamThread-1-consumer, groupId=streams-app] Error sending fetch request (sessionId=1159397091, epoch=5) to node 1:","logger_name":"org.apache.kafka.clients.FetchSessionHandler","thread_name":"streams-app-74e24d76-cb7f-433d-a0e2-73d14e3fa88f-StreamThread-1","level":"INFO","level_value":20000,"stack_trace":"org.apache.kafka.common.errors.DisconnectException: null\n"}
{"@timestamp":"2022-05-10T09:30:22.551+01:00","@version":"1","message":"[Consumer clientId=streams-app-74e24d76-cb7f-433d-a0e2-73d14e3fa88f-StreamThread-1-consumer, groupId=streams-app] Error sending fetch request (sessionId=1159397091, epoch=INITIAL) to node 1:","logger_name":"org.apache.kafka.clients.FetchSessionHandler","thread_name":"streams-app-74e24d76-cb7f-433d-a0e2-73d14e3fa88f-StreamThread-1","level":"INFO","level_value":20000,"stack_trace":"org.apache.kafka.common.errors.DisconnectException: null\n"}
{"@timestamp":"2022-05-10T09:30:22.651+01:00","@version":"1","message":"[Consumer clientId=streams-app-74e24d76-cb7f-433d-a0e2-73d14e3fa88f-StreamThread-1-consumer, groupId=streams-app] Error sending fetch request (sessionId=1159397091, epoch=INITIAL) to node 1:","logger_name":"org.apache.kafka.clients.FetchSessionHandler","thread_name":"streams-app-74e24d76-cb7f-433d-a0e2-73d14e3fa88f-StreamThread-1","level":"INFO","level_value":20000,"stack_trace":"org.apache.kafka.common.errors.DisconnectException: null\n"}
{"@timestamp":"2022-05-10T09:30:22.752+01:00","@version":"1","message":"[Consumer clientId=streams-app-74e24d76-cb7f-433d-a0e2-73d14e3fa88f-StreamThread-1-consumer, groupId=streams-app] Error sending fetch request (sessionId=1159397091, epoch=INITIAL) to node 1:","logger_name":"org.apache.kafka.clients.FetchSessionHandler","thread_name":"streams-app-74e24d76-cb7f-433d-a0e2-73d14e3fa88f-StreamThread-1","level":"INFO","level_value":20000,"stack_trace":"org.apache.kafka.common.errors.DisconnectException: null\n"}
{"@timestamp":"2022-05-10T09:30:22.854+01:00","@version":"1","message":"[Consumer clientId=streams-app-74e24d76-cb7f-433d-a0e2-73d14e3fa88f-StreamThread-1-consumer, groupId=streams-app] Error sending fetch request (sessionId=1159397091, epoch=INITIAL) to node 1:","logger_name":"org.apache.kafka.clients.FetchSessionHandler","thread_name":"streams-app-74e24d76-cb7f-433d-a0e2-73d14e3fa88f-StreamThread-1","level":"INFO","level_value":20000,"stack_trace":"org.apache.kafka.common.errors.DisconnectException: null\n"}
{"@timestamp":"2022-05-10T09:30:22.954+01:00","@version":"1","message":"[Consumer clientId=streams-app-74e24d76-cb7f-433d-a0e2-73d14e3fa88f-StreamThread-1-consumer, groupId=streams-app] Error sending fetch request (sessionId=1159397091, epoch=INITIAL) to node 1:","logger_name":"org.apache.kafka.clients.FetchSessionHandler","thread_name":"streams-app-74e24d76-cb7f-433d-a0e2-73d14e3fa88f-StreamThread-1","level":"INFO","level_value":20000,"stack_trace":"org.apache.kafka.common.errors.DisconnectException: null\n"}
{"@timestamp":"2022-05-10T09:30:23.054+01:00","@version":"1","message":"[Consumer clientId=streams-app-74e24d76-cb7f-433d-a0e2-73d14e3fa88f-StreamThread-1-consumer, groupId=streams-app] Error sending fetch request (sessionId=1159397091, epoch=INITIAL) to node 1:","logger_name":"org.apache.kafka.clients.FetchSessionHandler","thread_name":"streams-app-74e24d76-cb7f-433d-a0e2-73d14e3fa88f-StreamThread-1","level":"INFO","level_value":20000,"stack_trace":"org.apache.kafka.common.errors.DisconnectException: null\n"}
{"@timestamp":"2022-05-10T09:30:23.155+01:00","@version":"1","message":"[Consumer clientId=streams-app-74e24d76-cb7f-433d-a0e2-73d14e3fa88f-StreamThread-1-consumer, groupId=streams-app] Error sending fetch request (sessionId=1159397091, epoch=INITIAL) to node 1:","logger_name":"org.apache.kafka.clients.FetchSessionHandler","thread_name":"streams-app-74e24d76-cb7f-433d-a0e2-73d14e3fa88f-StreamThread-1","level":"INFO","level_value":20000,"stack_trace":"org.apache.kafka.common.errors.DisconnectException: null\n"}
{"@timestamp":"2022-05-10T09:30:23.256+01:00","@version":"1","message":"[Consumer clientId=streams-app-74e24d76-cb7f-433d-a0e2-73d14e3fa88f-StreamThread-1-consumer, groupId=streams-app] Error sending fetch request (sessionId=1159397091, epoch=INITIAL) to node 1:","logger_name":"org.apache.kafka.clients.FetchSessionHandler","thread_name":"streams-app-74e24d76-cb7f-433d-a0e2-73d14e3fa88f-StreamThread-1","level":"INFO","level_value":20000,"stack_trace":"org.apache.kafka.common.errors.DisconnectException: null\n"}
{"@timestamp":"2022-05-10T09:30:23.358+01:00","@version":"1","message":"[Consumer clientId=streams-app-74e24d76-cb7f-433d-a0e2-73d14e3fa88f-StreamThread-1-consumer, groupId=streams-app] Error sending fetch request (sessionId=1159397091, epoch=INITIAL) to node 1:","logger_name":"org.apache.kafka.clients.FetchSessionHandler","thread_name":"streams-app-74e24d76-cb7f-433d-a0e2-73d14e3fa88f-StreamThread-1","level":"INFO","level_value":20000,"stack_trace":"org.apache.kafka.common.errors.DisconnectException: null\n"}
{"@timestamp":"2022-05-10T09:30:23.46+01:00","@version":"1","message":"[Consumer clientId=streams-app-74e24d76-cb7f-433d-a0e2-73d14e3fa88f-StreamThread-1-consumer, groupId=streams-app] Error sending fetch request (sessionId=1159397091, epoch=INITIAL) to node 1:","logger_name":"org.apache.kafka.clients.FetchSessionHandler","thread_name":"streams-app-74e24d76-cb7f-433d-a0e2-73d14e3fa88f-StreamThread-1","level":"INFO","level_value":20000,"stack_trace":"org.apache.kafka.common.errors.DisconnectException: null\n"}
{"@timestamp":"2022-05-10T09:30:23.562+01:00","@version":"1","message":"[Consumer clientId=streams-app-74e24d76-cb7f-433d-a0e2-73d14e3fa88f-StreamThread-1-consumer, groupId=streams-app] Error sending fetch request (sessionId=1159397091, epoch=INITIAL) to node 1:","logger_name":"org.apache.kafka.clients.FetchSessionHandler","thread_name":"streams-app-74e24d76-cb7f-433d-a0e2-73d14e3fa88f-StreamThread-1","level":"INFO","level_value":20000,"stack_trace":"org.apache.kafka.common.errors.DisconnectException: null\n"}
{"@timestamp":"2022-05-10T09:30:23.661+01:00","@version":"1","message":"[Consumer clientId=streams-app-74e24d76-cb7f-433d-a0e2-73d14e3fa88f-StreamThread-1-consumer, groupId=streams-app] Error sending fetch request (sessionId=1159397091, epoch=INITIAL) to node 1:","logger_name":"org.apache.kafka.clients.FetchSessionHandler","thread_name":"kafka-coordinator-heartbeat-thread | streams-app","level":"INFO","level_value":20000,"stack_trace":"org.apache.kafka.common.errors.DisconnectException: null\n"}
{"@timestamp":"2022-05-10T09:30:23.763+01:00","@version":"1","message":"[Consumer clientId=streams-app-74e24d76-cb7f-433d-a0e2-73d14e3fa88f-StreamThread-1-consumer, groupId=streams-app] Error sending fetch request (sessionId=1159397091, epoch=INITIAL) to node 1:","logger_name":"org.apache.kafka.clients.FetchSessionHandler","thread_name":"streams-app-74e24d76-cb7f-433d-a0e2-73d14e3fa88f-StreamThread-1","level":"INFO","level_value":20000,"stack_trace":"org.apache.kafka.common.errors.DisconnectException: null\n"}
{"@timestamp":"2022-05-10T09:30:23.865+01:00","@version":"1","message":"[Consumer clientId=streams-app-74e24d76-cb7f-433d-a0e2-73d14e3fa88f-StreamThread-1-consumer, groupId=streams-app] Error sending fetch request (sessionId=1159397091, epoch=INITIAL) to node 1:","logger_name":"org.apache.kafka.clients.FetchSessionHandler","thread_name":"streams-app-74e24d76-cb7f-433d-a0e2-73d14e3fa88f-StreamThread-1","level":"INFO","level_value":20000,"stack_trace":"org.apache.kafka.common.errors.DisconnectException: null\n"}
{"@timestamp":"2022-05-10T09:30:23.97+01:00","@version":"1","message":"[Consumer clientId=streams-app-74e24d76-cb7f-433d-a0e2-73d14e3fa88f-StreamThread-1-consumer, groupId=streams-app] Error sending fetch request (sessionId=1159397091, epoch=INITIAL) to node 1:","logger_name":"org.apache.kafka.clients.FetchSessionHandler","thread_name":"streams-app-74e24d76-cb7f-433d-a0e2-73d14e3fa88f-StreamThread-1","level":"INFO","level_value":20000,"stack_trace":"org.apache.kafka.common.errors.DisconnectException: null\n"}
{"@timestamp":"2022-05-10T09:30:24.067+01:00","@version":"1","message":"[Consumer clientId=streams-app-74e24d76-cb7f-433d-a0e2-73d14e3fa88f-StreamThread-1-consumer, groupId=streams-app] Error sending fetch request (sessionId=1159397091, epoch=INITIAL) to node 1:","logger_name":"org.apache.kafka.clients.FetchSessionHandler","thread_name":"kafka-coordinator-heartbeat-thread | streams-app","level":"INFO","level_value":20000,"stack_trace":"org.apache.kafka.common.errors.DisconnectException: null\n"}
{"@timestamp":"2022-05-10T09:30:24.172+01:00","@version":"1","message":"[Consumer clientId=streams-app-74e24d76-cb7f-433d-a0e2-73d14e3fa88f-StreamThread-1-consumer, groupId=streams-app] Error sending fetch request (sessionId=1159397091, epoch=INITIAL) to node 1:","logger_name":"org.apache.kafka.clients.FetchSessionHandler","thread_name":"streams-app-74e24d76-cb7f-433d-a0e2-73d14e3fa88f-StreamThread-1","level":"INFO","level_value":20000,"stack_trace":"org.apache.kafka.common.errors.DisconnectException: null\n"}
{"@timestamp":"2022-05-10T09:30:24.274+01:00","@version":"1","message":"[Consumer clientId=streams-app-74e24d76-cb7f-433d-a0e2-73d14e3fa88f-StreamThread-1-consumer, groupId=streams-app] Error sending fetch request (sessionId=1159397091, epoch=INITIAL) to node 1:","logger_name":"org.apache.kafka.clients.FetchSessionHandler","thread_name":"streams-app-74e24d76-cb7f-433d-a0e2-73d14e3fa88f-StreamThread-1","level":"INFO","level_value":20000,"stack_trace":"org.apache.kafka.common.errors.DisconnectException: null\n"}
{"@timestamp":"2022-05-10T09:30:24.372+01:00","@version":"1","message":"[Consumer clientId=streams-app-74e24d76-cb7f-433d-a0e2-73d14e3fa88f-StreamThread-1-consumer, groupId=streams-app] Error sending fetch request (sessionId=1159397091, epoch=INITIAL) to node 1:","logger_name":"org.apache.kafka.clients.FetchSessionHandler","thread_name":"kafka-coordinator-heartbeat-thread | streams-app","level":"INFO","level_value":20000,"stack_trace":"org.apache.kafka.common.errors.DisconnectException: null\n"}
{"@timestamp":"2022-05-10T09:30:24.476+01:00","@version":"1","message":"[Consumer clientId=streams-app-74e24d76-cb7f-433d-a0e2-73d14e3fa88f-StreamThread-1-consumer, groupId=streams-app] Error sending fetch request (sessionId=1159397091, epoch=INITIAL) to node 1:","logger_name":"org.apache.kafka.clients.FetchSessionHandler","thread_name":"streams-app-74e24d76-cb7f-433d-a0e2-73d14e3fa88f-StreamThread-1","level":"INFO","level_value":20000,"stack_trace":"org.apache.kafka.common.errors.DisconnectException: null\n"}
{"@timestamp":"2022-05-10T09:30:24.577+01:00","@version":"1","message":"[Consumer clientId=streams-app-74e24d76-cb7f-433d-a0e2-73d14e3fa88f-StreamThread-1-consumer, groupId=streams-app] Error sending fetch request (sessionId=1159397091, epoch=INITIAL) to node 1:","logger_name":"org.apache.kafka.clients.FetchSessionHandler","thread_name":"streams-app-74e24d76-cb7f-433d-a0e2-73d14e3fa88f-StreamThread-1","level":"INFO","level_value":20000,"stack_trace":"org.apache.kafka.common.errors.DisconnectException: null\n"}
{"@timestamp":"2022-05-10T09:30:24.676+01:00","@version":"1","message":"[Consumer clientId=streams-app-74e24d76-cb7f-433d-a0e2-73d14e3fa88f-StreamThread-1-consumer, groupId=streams-app] Error sending fetch request (sessionId=1159397091, epoch=INITIAL) to node 1:","logger_name":"org.apache.kafka.clients.FetchSessionHandler","thread_name":"kafka-coordinator-heartbeat-thread | streams-app","level":"INFO","level_value":20000,"stack_trace":"org.apache.kafka.common.errors.DisconnectException: null\n"}
{"@timestamp":"2022-05-10T09:30:24.782+01:00","@version":"1","message":"[Consumer clientId=streams-app-74e24d76-cb7f-433d-a0e2-73d14e3fa88f-StreamThread-1-consumer, groupId=streams-app] Error sending fetch request (sessionId=1159397091, epoch=INITIAL) to node 1:","logger_name":"org.apache.kafka.clients.FetchSessionHandler","thread_name":"streams-app-74e24d76-cb7f-433d-a0e2-73d14e3fa88f-StreamThread-1","level":"INFO","level_value":20000,"stack_trace":"org.apache.kafka.common.errors.DisconnectException: null\n"}
{"@timestamp":"2022-05-10T09:30:24.884+01:00","@version":"1","message":"[Consumer clientId=streams-app-74e24d76-cb7f-433d-a0e2-73d14e3fa88f-StreamThread-1-consumer, groupId=streams-app] Error sending fetch request (sessionId=1159397091, epoch=INITIAL) to node 1:","logger_name":"org.apache.kafka.clients.FetchSessionHandler","thread_name":"streams-app-74e24d76-cb7f-433d-a0e2-73d14e3fa88f-StreamThread-1","level":"INFO","level_value":20000,"stack_trace":"org.apache.kafka.common.errors.DisconnectException: null\n"}
{"@timestamp":"2022-05-10T09:30:24.987+01:00","@version":"1","message":"[Consumer clientId=streams-app-74e24d76-cb7f-433d-a0e2-73d14e3fa88f-StreamThread-1-consumer, groupId=streams-app] Error sending fetch request (sessionId=1159397091, epoch=INITIAL) to node 1:","logger_name":"org.apache.kafka.clients.FetchSessionHandler","thread_name":"streams-app-74e24d76-cb7f-433d-a0e2-73d14e3fa88f-StreamThread-1","level":"INFO","level_value":20000,"stack_trace":"org.apache.kafka.common.errors.DisconnectException: null\n"}
{"@timestamp":"2022-05-10T09:30:25.087+01:00","@version":"1","message":"[Consumer clientId=streams-app-74e24d76-cb7f-433d-a0e2-73d14e3fa88f-StreamThread-1-consumer, groupId=streams-app] Error sending fetch request (sessionId=1159397091, epoch=INITIAL) to node 1:","logger_name":"org.apache.kafka.clients.FetchSessionHandler","thread_name":"streams-app-74e24d76-cb7f-433d-a0e2-73d14e3fa88f-StreamThread-1","level":"INFO","level_value":20000,"stack_trace":"org.apache.kafka.common.errors.DisconnectException: null\n"}
{"@timestamp":"2022-05-10T09:30:25.19+01:00","@version":"1","message":"[Consumer clientId=streams-app-74e24d76-cb7f-433d-a0e2-73d14e3fa88f-StreamThread-1-consumer, groupId=streams-app] Error sending fetch request (sessionId=1159397091, epoch=INITIAL) to node 1:","logger_name":"org.apache.kafka.clients.FetchSessionHandler","thread_name":"streams-app-74e24d76-cb7f-433d-a0e2-73d14e3fa88f-StreamThread-1","level":"INFO","level_value":20000,"stack_trace":"org.apache.kafka.common.errors.DisconnectException: null\n"}
{"@timestamp":"2022-05-10T09:30:25.293+01:00","@version":"1","message":"[Consumer clientId=streams-app-74e24d76-cb7f-433d-a0e2-73d14e3fa88f-StreamThread-1-consumer, groupId=streams-app] Error sending fetch request (sessionId=1159397091, epoch=INITIAL) to node 1:","logger_name":"org.apache.kafka.clients.FetchSessionHandler","thread_name":"streams-app-74e24d76-cb7f-433d-a0e2-73d14e3fa88f-StreamThread-1","level":"INFO","level_value":20000,"stack_trace":"org.apache.kafka.common.errors.DisconnectException: null\n"}
{"@timestamp":"2022-05-10T09:30:25.395+01:00","@version":"1","message":"[Consumer clientId=streams-app-74e24d76-cb7f-433d-a0e2-73d14e3fa88f-StreamThread-1-consumer, groupId=streams-app] Error sending fetch request (sessionId=1159397091, epoch=INITIAL) to node 1:","logger_name":"org.apache.kafka.clients.FetchSessionHandler","thread_name":"streams-app-74e24d76-cb7f-433d-a0e2-73d14e3fa88f-StreamThread-1","level":"INFO","level_value":20000,"stack_trace":"org.apache.kafka.common.errors.DisconnectException: null\n"}
{"@timestamp":"2022-05-10T09:30:25.497+01:00","@version":"1","message":"[Consumer clientId=streams-app-74e24d76-cb7f-433d-a0e2-73d14e3fa88f-StreamThread-1-consumer, groupId=streams-app] Error sending fetch request (sessionId=1159397091, epoch=INITIAL) to node 1:","logger_name":"org.apache.kafka.clients.FetchSessionHandler","thread_name":"streams-app-74e24d76-cb7f-433d-a0e2-73d14e3fa88f-StreamThread-1","level":"INFO","level_value":20000,"stack_trace":"org.apache.kafka.common.errors.DisconnectException: null\n"}
{"@timestamp":"2022-05-10T09:30:25.596+01:00","@version":"1","message":"[Consumer clientId=streams-app-74e24d76-cb7f-433d-a0e2-73d14e3fa88f-StreamThread-1-consumer, groupId=streams-app] Error sending fetch request (sessionId=1159397091, epoch=INITIAL) to node 1:","logger_name":"org.apache.kafka.clients.FetchSessionHandler","thread_name":"kafka-coordinator-heartbeat-thread | streams-app","level":"INFO","level_value":20000,"stack_trace":"org.apache.kafka.common.errors.DisconnectException: null\n"}
{"@timestamp":"2022-05-10T09:30:25.697+01:00","@version":"1","message":"[Consumer clientId=streams-app-74e24d76-cb7f-433d-a0e2-73d14e3fa88f-StreamThread-1-consumer, groupId=streams-app] Error sending fetch request (sessionId=1159397091, epoch=INITIAL) to node 1:","logger_name":"org.apache.kafka.clients.FetchSessionHandler","thread_name":"kafka-coordinator-heartbeat-thread | streams-app","level":"INFO","level_value":20000,"stack_trace":"org.apache.kafka.common.errors.DisconnectException: null\n"}
{"@timestamp":"2022-05-10T09:30:25.8+01:00","@version":"1","message":"[Consumer clientId=streams-app-74e24d76-cb7f-433d-a0e2-73d14e3fa88f-StreamThread-1-consumer, groupId=streams-app] Error sending fetch request (sessionId=1159397091, epoch=INITIAL) to node 1:","logger_name":"org.apache.kafka.clients.FetchSessionHandler","thread_name":"streams-app-74e24d76-cb7f-433d-a0e2-73d14e3fa88f-StreamThread-1","level":"INFO","level_value":20000,"stack_trace":"org.apache.kafka.common.errors.DisconnectException: null\n"}
{"@timestamp":"2022-05-10T09:30:25.901+01:00","@version":"1","message":"[Consumer clientId=streams-app-74e24d76-cb7f-433d-a0e2-73d14e3fa88f-StreamThread-1-consumer, groupId=streams-app] Error sending fetch request (sessionId=1159397091, epoch=INITIAL) to node 1:","logger_name":"org.apache.kafka.clients.FetchSessionHandler","thread_name":"streams-app-74e24d76-cb7f-433d-a0e2-73d14e3fa88f-StreamThread-1","level":"INFO","level_value":20000,"stack_trace":"org.apache.kafka.common.errors.DisconnectException: null\n"}
{"@timestamp":"2022-05-10T09:30:26.002+01:00","@version":"1","message":"[Consumer clientId=streams-app-74e24d76-cb7f-433d-a0e2-73d14e3fa88f-StreamThread-1-consumer, groupId=streams-app] Error sending fetch request (sessionId=1159397091, epoch=INITIAL) to node 1:","logger_name":"org.apache.kafka.clients.FetchSessionHandler","thread_name":"streams-app-74e24d76-cb7f-433d-a0e2-73d14e3fa88f-StreamThread-1","level":"INFO","level_value":20000,"stack_trace":"org.apache.kafka.common.errors.DisconnectException: null\n"}
{"@timestamp":"2022-05-10T09:30:26.104+01:00","@version":"1","message":"[Consumer clientId=streams-app-74e24d76-cb7f-433d-a0e2-73d14e3fa88f-StreamThread-1-consumer, groupId=streams-app] Error sending fetch request (sessionId=1159397091, epoch=INITIAL) to node 1:","logger_name":"org.apache.kafka.clients.FetchSessionHandler","thread_name":"streams-app-74e24d76-cb7f-433d-a0e2-73d14e3fa88f-StreamThread-1","level":"INFO","level_value":20000,"stack_trace":"org.apache.kafka.common.errors.DisconnectException: null\n"}
{"@timestamp":"2022-05-10T09:30:26.205+01:00","@version":"1","message":"[Consumer clientId=streams-app-74e24d76-cb7f-433d-a0e2-73d14e3fa88f-StreamThread-1-consumer, groupId=streams-app] Error sending fetch request (sessionId=1159397091, epoch=INITIAL) to node 1:","logger_name":"org.apache.kafka.clients.FetchSessionHandler","thread_name":"streams-app-74e24d76-cb7f-433d-a0e2-73d14e3fa88f-StreamThread-1","level":"INFO","level_value":20000,"stack_trace":"org.apache.kafka.common.errors.DisconnectException: null\n"}
{"@timestamp":"2022-05-10T09:30:26.306+01:00","@version":"1","message":"[Consumer clientId=streams-app-74e24d76-cb7f-433d-a0e2-73d14e3fa88f-StreamThread-1-consumer, groupId=streams-app] Error sending fetch request (sessionId=1159397091, epoch=INITIAL) to node 1:","logger_name":"org.apache.kafka.clients.FetchSessionHandler","thread_name":"streams-app-74e24d76-cb7f-433d-a0e2-73d14e3fa88f-StreamThread-1","level":"INFO","level_value":20000,"stack_trace":"org.apache.kafka.common.errors.DisconnectException: null\n"}
{"@timestamp":"2022-05-10T09:30:26.409+01:00","@version":"1","message":"[Consumer clientId=streams-app-74e24d76-cb7f-433d-a0e2-73d14e3fa88f-StreamThread-1-consumer, groupId=streams-app] Error sending fetch request (sessionId=1159397091, epoch=INITIAL) to node 1:","logger_name":"org.apache.kafka.clients.FetchSessionHandler","thread_name":"streams-app-74e24d76-cb7f-433d-a0e2-73d14e3fa88f-StreamThread-1","level":"INFO","level_value":20000,"stack_trace":"org.apache.kafka.common.errors.DisconnectException: null\n"}
{"@timestamp":"2022-05-10T09:30:26.511+01:00","@version":"1","message":"[Consumer clientId=streams-app-74e24d76-cb7f-433d-a0e2-73d14e3fa88f-StreamThread-1-consumer, groupId=streams-app] Error sending fetch request (sessionId=1159397091, epoch=INITIAL) to node 1:","logger_name":"org.apache.kafka.clients.FetchSessionHandler","thread_name":"streams-app-74e24d76-cb7f-433d-a0e2-73d14e3fa88f-StreamThread-1","level":"INFO","level_value":20000,"stack_trace":"org.apache.kafka.common.errors.DisconnectException: null\n"}
{"@timestamp":"2022-05-10T09:30:26.611+01:00","@version":"1","message":"[Consumer clientId=streams-app-74e24d76-cb7f-433d-a0e2-73d14e3fa88f-StreamThread-1-consumer, groupId=streams-app] Error sending fetch request (sessionId=1159397091, epoch=INITIAL) to node 1:","logger_name":"org.apache.kafka.clients.FetchSessionHandler","thread_name":"streams-app-74e24d76-cb7f-433d-a0e2-73d14e3fa88f-StreamThread-1","level":"INFO","level_value":20000,"stack_trace":"org.apache.kafka.common.errors.DisconnectException: null\n"}
{"@timestamp":"2022-05-10T09:30:26.713+01:00","@version":"1","message":"[Consumer clientId=streams-app-74e24d76-cb7f-433d-a0e2-73d14e3fa88f-StreamThread-1-consumer, groupId=streams-app] Error sending fetch request (sessionId=1159397091, epoch=INITIAL) to node 1:","logger_name":"org.apache.kafka.clients.FetchSessionHandler","thread_name":"streams-app-74e24d76-cb7f-433d-a0e2-73d14e3fa88f-StreamThread-1","level":"INFO","level_value":20000,"stack_trace":"org.apache.kafka.common.errors.DisconnectException: null\n"}
{"@timestamp":"2022-05-10T09:30:26.814+01:00","@version":"1","message":"[Consumer clientId=streams-app-74e24d76-cb7f-433d-a0e2-73d14e3fa88f-StreamThread-1-consumer, groupId=streams-app] Error sending fetch request (sessionId=1159397091, epoch=INITIAL) to node 1:","logger_name":"org.apache.kafka.clients.FetchSessionHandler","thread_name":"streams-app-74e24d76-cb7f-433d-a0e2-73d14e3fa88f-StreamThread-1","level":"INFO","level_value":20000,"stack_trace":"org.apache.kafka.common.errors.DisconnectException: null\n"}
{"@timestamp":"2022-05-10T09:30:26.902+01:00","@version":"1","message":"[Producer clientId=streams-app-74e24d76-cb7f-433d-a0e2-73d14e3fa88f-StreamThread-1-producer] Connection to node 1 (localhost/127.0.0.1:29092) could not be established. Broker may not be available.","logger_name":"org.apache.kafka.clients.NetworkClient","thread_name":"kafka-producer-network-thread | streams-app-74e24d76-cb7f-433d-a0e2-73d14e3fa88f-StreamThread-1-producer","level":"WARN","level_value":30000}
{"@timestamp":"2022-05-10T09:30:26.913+01:00","@version":"1","message":"[Consumer clientId=streams-app-74e24d76-cb7f-433d-a0e2-73d14e3fa88f-StreamThread-1-consumer, groupId=streams-app] Connection to node 1 (localhost/127.0.0.1:29092) could not be established. Broker may not be available.","logger_name":"org.apache.kafka.clients.NetworkClient","thread_name":"kafka-coordinator-heartbeat-thread | streams-app","level":"WARN","level_value":30000}
{"@timestamp":"2022-05-10T09:30:26.913+01:00","@version":"1","message":"[Consumer clientId=streams-app-74e24d76-cb7f-433d-a0e2-73d14e3fa88f-StreamThread-1-consumer, groupId=streams-app] Error sending fetch request (sessionId=1159397091, epoch=INITIAL) to node 1:","logger_name":"org.apache.kafka.clients.FetchSessionHandler","thread_name":"kafka-coordinator-heartbeat-thread | streams-app","level":"INFO","level_value":20000,"stack_trace":"org.apache.kafka.common.errors.DisconnectException: null\n"}
{"@timestamp":"2022-05-10T09:30:26.944+01:00","@version":"1","message":"[Producer clientId=producer-1] Connection to node 1 (localhost/127.0.0.1:29092) could not be established. Broker may not be available.","logger_name":"org.apache.kafka.clients.NetworkClient","thread_name":"kafka-producer-network-thread | producer-1","level":"WARN","level_value":30000}
{"@timestamp":"2022-05-10T09:30:26.945+01:00","@version":"1","message":"[AdminClient clientId=streams-app-74e24d76-cb7f-433d-a0e2-73d14e3fa88f-admin] Connection to node 1 (localhost/127.0.0.1:29092) could not be established. Broker may not be available.","logger_name":"org.apache.kafka.clients.NetworkClient","thread_name":"kafka-admin-client-thread | streams-app-74e24d76-cb7f-433d-a0e2-73d14e3fa88f-admin","level":"WARN","level_value":30000}
{"@timestamp":"2022-05-10T09:30:27.027+01:00","@version":"1","message":"[Consumer clientId=streams-app-74e24d76-cb7f-433d-a0e2-73d14e3fa88f-StreamThread-1-consumer, groupId=streams-app] Connection to node 1 (localhost/127.0.0.1:29092) could not be established. Broker may not be available.","logger_name":"org.apache.kafka.clients.NetworkClient","thread_name":"kafka-coordinator-heartbeat-thread | streams-app","level":"WARN","level_value":30000}
{"@timestamp":"2022-05-10T09:30:27.046+01:00","@version":"1","message":"[AdminClient clientId=streams-app-74e24d76-cb7f-433d-a0e2-73d14e3fa88f-admin] Connection to node 1 (localhost/127.0.0.1:29092) could not be established. Broker may not be available.","logger_name":"org.apache.kafka.clients.NetworkClient","thread_name":"kafka-admin-client-thread | streams-app-74e24d76-cb7f-433d-a0e2-73d14e3fa88f-admin","level":"WARN","level_value":30000}
{"@timestamp":"2022-05-10T09:30:27.046+01:00","@version":"1","message":"[Producer clientId=producer-1] Connection to node 1 (localhost/127.0.0.1:29092) could not be established. Broker may not be available.","logger_name":"org.apache.kafka.clients.NetworkClient","thread_name":"kafka-producer-network-thread | producer-1","level":"WARN","level_value":30000}
{"@timestamp":"2022-05-10T09:30:27.054+01:00","@version":"1","message":"[Producer clientId=streams-app-74e24d76-cb7f-433d-a0e2-73d14e3fa88f-StreamThread-1-producer] Connection to node 1 (localhost/127.0.0.1:29092) could not be established. Broker may not be available.","logger_name":"org.apache.kafka.clients.NetworkClient","thread_name":"kafka-producer-network-thread | streams-app-74e24d76-cb7f-433d-a0e2-73d14e3fa88f-StreamThread-1-producer","level":"WARN","level_value":30000}
{"@timestamp":"2022-05-10T09:30:27.227+01:00","@version":"1","message":"[Consumer clientId=streams-app-74e24d76-cb7f-433d-a0e2-73d14e3fa88f-StreamThread-1-consumer, groupId=streams-app] Connection to node 1 (localhost/127.0.0.1:29092) could not be established. Broker may not be available.","logger_name":"org.apache.kafka.clients.NetworkClient","thread_name":"kafka-coordinator-heartbeat-thread | streams-app","level":"WARN","level_value":30000}
{"@timestamp":"2022-05-10T09:30:27.248+01:00","@version":"1","message":"[AdminClient clientId=streams-app-74e24d76-cb7f-433d-a0e2-73d14e3fa88f-admin] Connection to node 1 (localhost/127.0.0.1:29092) could not be established. Broker may not be available.","logger_name":"org.apache.kafka.clients.NetworkClient","thread_name":"kafka-admin-client-thread | streams-app-74e24d76-cb7f-433d-a0e2-73d14e3fa88f-admin","level":"WARN","level_value":30000}
{"@timestamp":"2022-05-10T09:30:27.299+01:00","@version":"1","message":"[Producer clientId=producer-1] Connection to node 1 (localhost/127.0.0.1:29092) could not be established. Broker may not be available.","logger_name":"org.apache.kafka.clients.NetworkClient","thread_name":"kafka-producer-network-thread | producer-1","level":"WARN","level_value":30000}
{"@timestamp":"2022-05-10T09:30:27.304+01:00","@version":"1","message":"[Producer clientId=streams-app-74e24d76-cb7f-433d-a0e2-73d14e3fa88f-StreamThread-1-producer] Connection to node 1 (localhost/127.0.0.1:29092) could not be established. Broker may not be available.","logger_name":"org.apache.kafka.clients.NetworkClient","thread_name":"kafka-producer-network-thread | streams-app-74e24d76-cb7f-433d-a0e2-73d14e3fa88f-StreamThread-1-producer","level":"WARN","level_value":30000}
{"@timestamp":"2022-05-10T09:30:27.58+01:00","@version":"1","message":"[Consumer clientId=streams-app-74e24d76-cb7f-433d-a0e2-73d14e3fa88f-StreamThread-1-consumer, groupId=streams-app] Connection to node 1 (localhost/127.0.0.1:29092) could not be established. Broker may not be available.","logger_name":"org.apache.kafka.clients.NetworkClient","thread_name":"streams-app-74e24d76-cb7f-433d-a0e2-73d14e3fa88f-StreamThread-1","level":"WARN","level_value":30000}
{"@timestamp":"2022-05-10T09:30:27.652+01:00","@version":"1","message":"[Producer clientId=producer-1] Connection to node 1 (localhost/127.0.0.1:29092) could not be established. Broker may not be available.","logger_name":"org.apache.kafka.clients.NetworkClient","thread_name":"kafka-producer-network-thread | producer-1","level":"WARN","level_value":30000}
{"@timestamp":"2022-05-10T09:30:27.707+01:00","@version":"1","message":"[Producer clientId=streams-app-74e24d76-cb7f-433d-a0e2-73d14e3fa88f-StreamThread-1-producer] Connection to node 1 (localhost/127.0.0.1:29092) could not be established. Broker may not be available.","logger_name":"org.apache.kafka.clients.NetworkClient","thread_name":"kafka-producer-network-thread | streams-app-74e24d76-cb7f-433d-a0e2-73d14e3fa88f-StreamThread-1-producer","level":"WARN","level_value":30000}
{"@timestamp":"2022-05-10T09:30:27.737+01:00","@version":"1","message":"Container docker/compose:1.29.2 started in PT7.099093S","logger_name":"\uD83D\uDC33 [docker/compose:1.29.2]","thread_name":"Test worker","level":"INFO","level_value":20000}
{"@timestamp":"2022-05-10T09:30:27.737+01:00","@version":"1","message":"Docker Compose container is running for command: down -v","logger_name":"\uD83D\uDC33 [docker/compose:1.29.2]","thread_name":"Test worker","level":"INFO","level_value":20000}
{"@timestamp":"2022-05-10T09:30:27.74+01:00","@version":"1","message":"STDERR: Stopping tcx66xcee5cd_kafka_1     ... ","logger_name":"\uD83D\uDC33 [docker/compose:1.29.2]","thread_name":"docker-java-stream--178801990","level":"INFO","level_value":20000}
{"@timestamp":"2022-05-10T09:30:27.741+01:00","@version":"1","message":"STDERR: Stopping tcx66xcee5cd_zookeeper_1 ... ","logger_name":"\uD83D\uDC33 [docker/compose:1.29.2]","thread_name":"docker-java-stream--178801990","level":"INFO","level_value":20000}
{"@timestamp":"2022-05-10T09:30:27.741+01:00","@version":"1","message":"STDERR: Stopping tcx66xcee5cd_kafka_1     ... done","logger_name":"\uD83D\uDC33 [docker/compose:1.29.2]","thread_name":"docker-java-stream--178801990","level":"INFO","level_value":20000}
{"@timestamp":"2022-05-10T09:30:27.741+01:00","@version":"1","message":"STDERR: Stopping tcx66xcee5cd_zookeeper_1 ... done","logger_name":"\uD83D\uDC33 [docker/compose:1.29.2]","thread_name":"docker-java-stream--178801990","level":"INFO","level_value":20000}
{"@timestamp":"2022-05-10T09:30:27.741+01:00","@version":"1","message":"Docker Compose has finished running","logger_name":"\uD83D\uDC33 [docker/compose:1.29.2]","thread_name":"Test worker","level":"INFO","level_value":20000}
{"@timestamp":"2022-05-10T09:30:27.741+01:00","@version":"1","message":"STDERR: Removing tcx66xcee5cd_kafka_1     ... ","logger_name":"\uD83D\uDC33 [docker/compose:1.29.2]","thread_name":"docker-java-stream--178801990","level":"INFO","level_value":20000}
{"@timestamp":"2022-05-10T09:30:27.741+01:00","@version":"1","message":"STDERR: Removing tcx66xcee5cd_zookeeper_1 ... ","logger_name":"\uD83D\uDC33 [docker/compose:1.29.2]","thread_name":"docker-java-stream--178801990","level":"INFO","level_value":20000}
{"@timestamp":"2022-05-10T09:30:27.741+01:00","@version":"1","message":"STDERR: Removing tcx66xcee5cd_zookeeper_1 ... done","logger_name":"\uD83D\uDC33 [docker/compose:1.29.2]","thread_name":"docker-java-stream--178801990","level":"INFO","level_value":20000}
{"@timestamp":"2022-05-10T09:30:27.741+01:00","@version":"1","message":"STDERR: Removing tcx66xcee5cd_kafka_1     ... done","logger_name":"\uD83D\uDC33 [docker/compose:1.29.2]","thread_name":"docker-java-stream--178801990","level":"INFO","level_value":20000}
{"@timestamp":"2022-05-10T09:30:27.741+01:00","@version":"1","message":"STDERR: Removing network tcx66xcee5cd_default","logger_name":"\uD83D\uDC33 [docker/compose:1.29.2]","thread_name":"docker-java-stream--178801990","level":"INFO","level_value":20000}
]]></system-out>
  <system-err><![CDATA[]]></system-err>
</testsuite>
