<?xml version="1.0" encoding="UTF-8"?>
<testsuite name="io.github.smdawe.kafka.spring.MessageBodySpec" tests="1" skipped="0" failures="0" errors="0" timestamp="2022-05-09T14:18:59" hostname="Simons-MacBook-Pro.local" time="0.207">
  <properties/>
  <testcase name="value" classname="io.github.smdawe.kafka.spring.MessageBodySpec" time="0.207"/>
  <system-out><![CDATA[]]></system-out>
  <system-err><![CDATA[]]></system-err>
</testsuite>
